#
# There is insufficient memory for the Java Runtime Environment to continue.
# Native memory allocation (malloc) failed to allocate 32744 bytes for Chunk::new
# Possible reasons:
#   The system is out of physical RAM or swap space
#   The process is running with CompressedOops enabled, and the Java Heap may be blocking the growth of the native heap
# Possible solutions:
#   Reduce memory load on the system
#   Increase physical memory or swap space
#   Check if swap backing store is full
#   Decrease Java heap size (-Xmx/-Xms)
#   Decrease number of Java threads
#   Decrease Java thread stack sizes (-Xss)
#   Set larger code cache with -XX:ReservedCodeCacheSize=
#   JVM is running with Unscaled Compressed Oops mode in which the Java heap is
#     placed in the first 4GB address space. The Java Heap base address is the
#     maximum limit for the native heap growth. Please use -XX:HeapBaseMinAddress
#     to set the Java Heap base and to place the Java Heap above 4GB virtual address.
# This output file may be truncated or incomplete.
#
#  Out of Memory Error (arena.cpp:184), pid=23868, tid=27184
#
# JRE version: OpenJDK Runtime Environment Temurin-18.0.1+10 (18.0.1+10) (build 18.0.1+10)
# Java VM: OpenJDK 64-Bit Server VM Temurin-18.0.1+10 (18.0.1+10, mixed mode, tiered, compressed oops, compressed class ptrs, g1 gc, windows-amd64)
# No core dump will be written. Minidumps are not enabled by default on client versions of Windows
#

---------------  S U M M A R Y ------------

Command Line: -Dfile.encoding=UTF-8 -XX:+ShowCodeDetailsInExceptionMessages Project_2DShooting.Main_Control

Host: Intel(R) Core(TM) i7-10870H CPU @ 2.20GHz, 16 cores, 7G,  Windows 10 , 64 bit Build 19041 (10.0.19041.1806)
Time: Tue Jan 10 12:39:59 2023 Central Standard Time elapsed time: 1854.943031 seconds (0d 0h 30m 54s)

---------------  T H R E A D  ---------------

Current thread (0x0000020cf4408070):  JavaThread "C2 CompilerThread0" daemon [_thread_in_native, id=27184, stack(0x000000105ce00000,0x000000105cf00000)]


Current CompileTask:
C2:1854943 1355       4       sun.java2d.SunGraphics2D::setTransform (53 bytes)

Stack: [0x000000105ce00000,0x000000105cf00000]
Native frames: (J=compiled Java code, j=interpreted, Vv=VM code, C=native code)
V  [jvm.dll+0x69cd4a]
V  [jvm.dll+0x84b63d]
V  [jvm.dll+0x84cf4e]
V  [jvm.dll+0x84d603]
V  [jvm.dll+0x25f19f]
V  [jvm.dll+0xba54f]
V  [jvm.dll+0xba8c5]
V  [jvm.dll+0x6c2e1f]
V  [jvm.dll+0x6c34ae]
V  [jvm.dll+0x6c21fa]
V  [jvm.dll+0x23a4f9]
V  [jvm.dll+0x233a79]
V  [jvm.dll+0x23140b]
V  [jvm.dll+0x1bbd3c]
V  [jvm.dll+0x240faa]
V  [jvm.dll+0x23f275]
V  [jvm.dll+0x7fdcfb]
V  [jvm.dll+0x7f814a]
V  [jvm.dll+0x69bba5]
C  [ucrtbase.dll+0x21bb2]
C  [KERNEL32.DLL+0x17034]
C  [ntdll.dll+0x52651]


---------------  P R O C E S S  ---------------

Threads class SMR info:
_java_thread_list=0x0000020cf4b97a00, length=17, elements={
0x0000020cf0213e30, 0x0000020cf02164c0, 0x0000020cf0234aa0, 0x0000020cf0235350,
0x0000020cf0249e30, 0x0000020cf024df50, 0x0000020cf4408070, 0x0000020cf4409970,
0x0000020cf441a280, 0x0000020cf4588400, 0x0000020cf45a6af0, 0x0000020cf465ed90,
0x0000020cf465f250, 0x0000020cf4958030, 0x0000020cf498c440, 0x0000020cd393ee60,
0x0000020cf4a28640
}

Java Threads: ( => current thread )
  0x0000020cf0213e30 JavaThread "Reference Handler" daemon [_thread_blocked, id=28540, stack(0x000000105c800000,0x000000105c900000)]
  0x0000020cf02164c0 JavaThread "Finalizer" daemon [_thread_blocked, id=28112, stack(0x000000105c900000,0x000000105ca00000)]
  0x0000020cf0234aa0 JavaThread "Signal Dispatcher" daemon [_thread_blocked, id=28448, stack(0x000000105ca00000,0x000000105cb00000)]
  0x0000020cf0235350 JavaThread "Attach Listener" daemon [_thread_blocked, id=28468, stack(0x000000105cb00000,0x000000105cc00000)]
  0x0000020cf0249e30 JavaThread "Service Thread" daemon [_thread_blocked, id=12672, stack(0x000000105cc00000,0x000000105cd00000)]
  0x0000020cf024df50 JavaThread "Monitor Deflation Thread" daemon [_thread_blocked, id=26756, stack(0x000000105cd00000,0x000000105ce00000)]
=>0x0000020cf4408070 JavaThread "C2 CompilerThread0" daemon [_thread_in_native, id=27184, stack(0x000000105ce00000,0x000000105cf00000)]
  0x0000020cf4409970 JavaThread "C1 CompilerThread0" daemon [_thread_blocked, id=27552, stack(0x000000105cf00000,0x000000105d000000)]
  0x0000020cf441a280 JavaThread "Sweeper thread" daemon [_thread_blocked, id=27660, stack(0x000000105d000000,0x000000105d100000)]
  0x0000020cf4588400 JavaThread "Notification Thread" daemon [_thread_blocked, id=27396, stack(0x000000105d100000,0x000000105d200000)]
  0x0000020cf45a6af0 JavaThread "Common-Cleaner" daemon [_thread_blocked, id=26232, stack(0x000000105d300000,0x000000105d400000)]
  0x0000020cf465ed90 JavaThread "Java2D Disposer" daemon [_thread_blocked, id=27760, stack(0x000000105d500000,0x000000105d600000)]
  0x0000020cf465f250 JavaThread "AWT-Shutdown" [_thread_blocked, id=21468, stack(0x000000105d600000,0x000000105d700000)]
  0x0000020cf4958030 JavaThread "AWT-Windows" daemon [_thread_in_native, id=3920, stack(0x000000105d700000,0x000000105d800000)]
  0x0000020cf498c440 JavaThread "AWT-EventQueue-0" [_thread_in_native, id=23580, stack(0x000000105d800000,0x000000105d900000)]
  0x0000020cd393ee60 JavaThread "DestroyJavaVM" [_thread_blocked, id=26560, stack(0x000000105c100000,0x000000105c200000)]
  0x0000020cf4a28640 JavaThread "TimerQueue" daemon [_thread_blocked, id=27232, stack(0x000000105d900000,0x000000105da00000)]

Other Threads:
  0x0000020cf01f3d90 VMThread "VM Thread" [stack: 0x000000105c700000,0x000000105c800000] [id=28440]
  0x0000020cf018ae40 WatcherThread "VM Periodic Task Thread" [stack: 0x000000105d200000,0x000000105d300000] [id=27228]
  0x0000020cd399e9c0 WorkerThread "GC Thread#0" [stack: 0x000000105c200000,0x000000105c300000] [id=28328]
  0x0000020cf4b3c4a0 WorkerThread "GC Thread#1" [stack: 0x000000105da00000,0x000000105db00000] [id=24884]
  0x0000020cf4b3c740 WorkerThread "GC Thread#2" [stack: 0x000000105db00000,0x000000105dc00000] [id=25780]
  0x0000020cf4a27c90 WorkerThread "GC Thread#3" [stack: 0x000000105dc00000,0x000000105dd00000] [id=22956]
  0x0000020cf4b0a820 WorkerThread "GC Thread#4" [stack: 0x000000105dd00000,0x000000105de00000] [id=23664]
  0x0000020cf4b0e770 WorkerThread "GC Thread#5" [stack: 0x000000105de00000,0x000000105df00000] [id=24340]
  0x0000020cf4b71c20 WorkerThread "GC Thread#6" [stack: 0x000000105df00000,0x000000105e000000] [id=14776]
  0x0000020cd39af1f0 ConcurrentGCThread "G1 Main Marker" [stack: 0x000000105c300000,0x000000105c400000] [id=24908]
  0x0000020cd39afbe0 WorkerThread "G1 Conc#0" [stack: 0x000000105c400000,0x000000105c500000] [id=26536]
  0x0000020cd3a0e5e0 ConcurrentGCThread "G1 Refine#0" [stack: 0x000000105c500000,0x000000105c600000] [id=28424]
  0x0000020cf00580b0 ConcurrentGCThread "G1 Service" [stack: 0x000000105c600000,0x000000105c700000] [id=28432]

Threads with active compile tasks:
C2 CompilerThread0  1854992 1355       4       sun.java2d.SunGraphics2D::setTransform (53 bytes)

VM state: not at safepoint (normal execution)

VM Mutex/Monitor currently owned by a thread: None

Heap address: 0x0000000083800000, size: 1992 MB, Compressed Oops mode: 32-bit

CDS archive(s) not mapped
Compressed class space mapped at: 0x0000000100000000-0x0000000140000000, reserved size: 1073741824
Narrow klass base: 0x0000000000000000, Narrow klass shift: 3, Narrow klass range: 0x140000000

GC Precious Log:
 CardTable entry size: 512
 Card Set container configuration: InlinePtr #cards 5 size 8 Array Of Cards #cards 12 size 40 Howl #buckets 4 coarsen threshold 1843 Howl Bitmap #cards 512 size 80 coarsen threshold 460 Card regions per heap region 1 cards per card region 2048
 CPUs: 16 total, 16 available
 Memory: 7966M
 Large Page Support: Disabled
 NUMA Support: Disabled
 Compressed Oops: Enabled (32-bit)
 Heap Region Size: 1M
 Heap Min Capacity: 8M
 Heap Initial Capacity: 126M
 Heap Max Capacity: 1992M
 Pre-touch: Disabled
 Parallel Workers: 13
 Concurrent Workers: 3
 Concurrent Refinement Workers: 13
 Periodic GC: Disabled

Heap:
 garbage-first heap   total 225280K, used 123598K [0x0000000083800000, 0x0000000100000000)
  region size 1024K, 39 young (39936K), 2 survivors (2048K)
 Metaspace       used 13055K, committed 13248K, reserved 1114112K
  class space    used 1193K, committed 1280K, reserved 1048576K

Heap Regions: E=young(eden), S=young(survivor), O=old, HS=humongous(starts), HC=humongous(continues), CS=collection set, F=free, OA=open archive, CA=closed archive, TAMS=top-at-mark-start (previous, next)
|   0|0x0000000083800000, 0x0000000083900000, 0x0000000083900000|100%|HS|  |TAMS 0x0000000083800000, 0x0000000083900000| Complete 
|   1|0x0000000083900000, 0x0000000083a00000, 0x0000000083a00000|100%|HC|  |TAMS 0x0000000083900000, 0x0000000083a00000| Complete 
|   2|0x0000000083a00000, 0x0000000083b00000, 0x0000000083b00000|100%|HC|  |TAMS 0x0000000083a00000, 0x0000000083b00000| Complete 
|   3|0x0000000083b00000, 0x0000000083c00000, 0x0000000083c00000|100%|HC|  |TAMS 0x0000000083b00000, 0x0000000083c00000| Complete 
|   4|0x0000000083c00000, 0x0000000083d00000, 0x0000000083d00000|100%|HS|  |TAMS 0x0000000083c00000, 0x0000000083d00000| Complete 
|   5|0x0000000083d00000, 0x0000000083e00000, 0x0000000083e00000|100%|HC|  |TAMS 0x0000000083d00000, 0x0000000083e00000| Complete 
|   6|0x0000000083e00000, 0x0000000083f00000, 0x0000000083f00000|100%|HC|  |TAMS 0x0000000083e00000, 0x0000000083f00000| Complete 
|   7|0x0000000083f00000, 0x0000000084000000, 0x0000000084000000|100%|HC|  |TAMS 0x0000000083f00000, 0x0000000084000000| Complete 
|   8|0x0000000084000000, 0x0000000084100000, 0x0000000084100000|100%|HS|  |TAMS 0x0000000084000000, 0x0000000084100000| Complete 
|   9|0x0000000084100000, 0x0000000084200000, 0x0000000084200000|100%|HC|  |TAMS 0x0000000084100000, 0x0000000084200000| Complete 
|  10|0x0000000084200000, 0x0000000084300000, 0x0000000084300000|100%|HC|  |TAMS 0x0000000084200000, 0x0000000084300000| Complete 
|  11|0x0000000084300000, 0x0000000084400000, 0x0000000084400000|100%|HS|  |TAMS 0x0000000084300000, 0x0000000084400000| Complete 
|  12|0x0000000084400000, 0x0000000084500000, 0x0000000084500000|100%|HC|  |TAMS 0x0000000084400000, 0x0000000084500000| Complete 
|  13|0x0000000084500000, 0x0000000084600000, 0x0000000084600000|100%|HC|  |TAMS 0x0000000084500000, 0x0000000084600000| Complete 
|  14|0x0000000084600000, 0x0000000084700000, 0x0000000084700000|100%|HS|  |TAMS 0x0000000084600000, 0x0000000084700000| Complete 
|  15|0x0000000084700000, 0x0000000084800000, 0x0000000084800000|100%|HC|  |TAMS 0x0000000084700000, 0x0000000084800000| Complete 
|  16|0x0000000084800000, 0x0000000084900000, 0x0000000084900000|100%|HC|  |TAMS 0x0000000084800000, 0x0000000084900000| Complete 
|  17|0x0000000084900000, 0x0000000084a00000, 0x0000000084a00000|100%|HS|  |TAMS 0x0000000084900000, 0x0000000084a00000| Complete 
|  18|0x0000000084a00000, 0x0000000084b00000, 0x0000000084b00000|100%|HC|  |TAMS 0x0000000084a00000, 0x0000000084b00000| Complete 
|  19|0x0000000084b00000, 0x0000000084c00000, 0x0000000084c00000|100%|HC|  |TAMS 0x0000000084b00000, 0x0000000084c00000| Complete 
|  20|0x0000000084c00000, 0x0000000084d00000, 0x0000000084d00000|100%|HS|  |TAMS 0x0000000084c00000, 0x0000000084d00000| Complete 
|  21|0x0000000084d00000, 0x0000000084e00000, 0x0000000084e00000|100%|HC|  |TAMS 0x0000000084d00000, 0x0000000084e00000| Complete 
|  22|0x0000000084e00000, 0x0000000084f00000, 0x0000000084f00000|100%|HC|  |TAMS 0x0000000084e00000, 0x0000000084f00000| Complete 
|  23|0x0000000084f00000, 0x0000000085000000, 0x0000000085000000|100%|HS|  |TAMS 0x0000000084f00000, 0x0000000085000000| Complete 
|  24|0x0000000085000000, 0x0000000085100000, 0x0000000085100000|100%|HC|  |TAMS 0x0000000085000000, 0x0000000085100000| Complete 
|  25|0x0000000085100000, 0x0000000085200000, 0x0000000085200000|100%|HC|  |TAMS 0x0000000085100000, 0x0000000085200000| Complete 
|  26|0x0000000085200000, 0x0000000085300000, 0x0000000085300000|100%|HS|  |TAMS 0x0000000085200000, 0x0000000085300000| Complete 
|  27|0x0000000085300000, 0x0000000085400000, 0x0000000085400000|100%|HC|  |TAMS 0x0000000085300000, 0x0000000085400000| Complete 
|  28|0x0000000085400000, 0x0000000085500000, 0x0000000085500000|100%|HC|  |TAMS 0x0000000085400000, 0x0000000085500000| Complete 
|  29|0x0000000085500000, 0x0000000085600000, 0x0000000085600000|100%|HS|  |TAMS 0x0000000085500000, 0x0000000085600000| Complete 
|  30|0x0000000085600000, 0x0000000085700000, 0x0000000085700000|100%|HC|  |TAMS 0x0000000085600000, 0x0000000085700000| Complete 
|  31|0x0000000085700000, 0x0000000085800000, 0x0000000085800000|100%|HC|  |TAMS 0x0000000085700000, 0x0000000085800000| Complete 
|  32|0x0000000085800000, 0x0000000085900000, 0x0000000085900000|100%|HS|  |TAMS 0x0000000085800000, 0x0000000085900000| Complete 
|  33|0x0000000085900000, 0x0000000085a00000, 0x0000000085a00000|100%|HC|  |TAMS 0x0000000085900000, 0x0000000085a00000| Complete 
|  34|0x0000000085a00000, 0x0000000085b00000, 0x0000000085b00000|100%|HC|  |TAMS 0x0000000085a00000, 0x0000000085b00000| Complete 
|  35|0x0000000085b00000, 0x0000000085c00000, 0x0000000085c00000|100%|HS|  |TAMS 0x0000000085b00000, 0x0000000085c00000| Complete 
|  36|0x0000000085c00000, 0x0000000085d00000, 0x0000000085d00000|100%|HC|  |TAMS 0x0000000085c00000, 0x0000000085d00000| Complete 
|  37|0x0000000085d00000, 0x0000000085e00000, 0x0000000085e00000|100%|HC|  |TAMS 0x0000000085d00000, 0x0000000085e00000| Complete 
|  38|0x0000000085e00000, 0x0000000085f00000, 0x0000000085f00000|100%|HS|  |TAMS 0x0000000085e00000, 0x0000000085f00000| Complete 
|  39|0x0000000085f00000, 0x0000000086000000, 0x0000000086000000|100%|HC|  |TAMS 0x0000000085f00000, 0x0000000086000000| Complete 
|  40|0x0000000086000000, 0x0000000086100000, 0x0000000086100000|100%|HC|  |TAMS 0x0000000086000000, 0x0000000086100000| Complete 
|  41|0x0000000086100000, 0x0000000086200000, 0x0000000086200000|100%|HS|  |TAMS 0x0000000086100000, 0x0000000086200000| Complete 
|  42|0x0000000086200000, 0x0000000086300000, 0x0000000086300000|100%|HC|  |TAMS 0x0000000086200000, 0x0000000086300000| Complete 
|  43|0x0000000086300000, 0x0000000086400000, 0x0000000086400000|100%|HC|  |TAMS 0x0000000086300000, 0x0000000086400000| Complete 
|  44|0x0000000086400000, 0x0000000086500000, 0x0000000086500000|100%|HS|  |TAMS 0x0000000086400000, 0x0000000086400000| Complete 
|  45|0x0000000086500000, 0x0000000086600000, 0x0000000086600000|100%|HC|  |TAMS 0x0000000086500000, 0x0000000086500000| Complete 
|  46|0x0000000086600000, 0x0000000086700000, 0x0000000086700000|100%|HC|  |TAMS 0x0000000086600000, 0x0000000086600000| Complete 
|  47|0x0000000086700000, 0x0000000086800000, 0x0000000086800000|100%|HS|  |TAMS 0x0000000086700000, 0x0000000086800000| Complete 
|  48|0x0000000086800000, 0x0000000086900000, 0x0000000086900000|100%|HC|  |TAMS 0x0000000086800000, 0x0000000086900000| Complete 
|  49|0x0000000086900000, 0x0000000086a00000, 0x0000000086a00000|100%|HC|  |TAMS 0x0000000086900000, 0x0000000086a00000| Complete 
|  50|0x0000000086a00000, 0x0000000086b00000, 0x0000000086b00000|100%|HS|  |TAMS 0x0000000086a00000, 0x0000000086b00000| Complete 
|  51|0x0000000086b00000, 0x0000000086c00000, 0x0000000086c00000|100%|HC|  |TAMS 0x0000000086b00000, 0x0000000086c00000| Complete 
|  52|0x0000000086c00000, 0x0000000086d00000, 0x0000000086d00000|100%|HC|  |TAMS 0x0000000086c00000, 0x0000000086d00000| Complete 
|  53|0x0000000086d00000, 0x0000000086e00000, 0x0000000086e00000|100%|HS|  |TAMS 0x0000000086d00000, 0x0000000086e00000| Complete 
|  54|0x0000000086e00000, 0x0000000086f00000, 0x0000000086f00000|100%|HC|  |TAMS 0x0000000086e00000, 0x0000000086f00000| Complete 
|  55|0x0000000086f00000, 0x0000000087000000, 0x0000000087000000|100%|HC|  |TAMS 0x0000000086f00000, 0x0000000087000000| Complete 
|  56|0x0000000087000000, 0x0000000087100000, 0x0000000087100000|100%|HS|  |TAMS 0x0000000087000000, 0x0000000087100000| Complete 
|  57|0x0000000087100000, 0x0000000087200000, 0x0000000087200000|100%|HC|  |TAMS 0x0000000087100000, 0x0000000087200000| Complete 
|  58|0x0000000087200000, 0x0000000087300000, 0x0000000087300000|100%|HC|  |TAMS 0x0000000087200000, 0x0000000087300000| Complete 
|  59|0x0000000087300000, 0x0000000087400000, 0x0000000087400000|100%|HS|  |TAMS 0x0000000087300000, 0x0000000087300000| Complete 
|  60|0x0000000087400000, 0x0000000087500000, 0x0000000087500000|100%|HC|  |TAMS 0x0000000087400000, 0x0000000087400000| Complete 
|  61|0x0000000087500000, 0x0000000087600000, 0x0000000087600000|100%|HC|  |TAMS 0x0000000087500000, 0x0000000087500000| Complete 
|  62|0x0000000087600000, 0x0000000087700000, 0x0000000087700000|100%|HS|  |TAMS 0x0000000087600000, 0x0000000087600000| Complete 
|  63|0x0000000087700000, 0x0000000087800000, 0x0000000087800000|100%|HC|  |TAMS 0x0000000087700000, 0x0000000087700000| Complete 
|  64|0x0000000087800000, 0x0000000087900000, 0x0000000087900000|100%|HC|  |TAMS 0x0000000087800000, 0x0000000087800000| Complete 
|  65|0x0000000087900000, 0x0000000087a00000, 0x0000000087a00000|100%|HS|  |TAMS 0x0000000087900000, 0x0000000087900000| Complete 
|  66|0x0000000087a00000, 0x0000000087b00000, 0x0000000087b00000|100%|HC|  |TAMS 0x0000000087a00000, 0x0000000087a00000| Complete 
|  67|0x0000000087b00000, 0x0000000087c00000, 0x0000000087c00000|100%|HC|  |TAMS 0x0000000087b00000, 0x0000000087b00000| Complete 
|  68|0x0000000087c00000, 0x0000000087d00000, 0x0000000087d00000|100%|HS|  |TAMS 0x0000000087c00000, 0x0000000087c00000| Complete 
|  69|0x0000000087d00000, 0x0000000087e00000, 0x0000000087e00000|100%|HC|  |TAMS 0x0000000087d00000, 0x0000000087d00000| Complete 
|  70|0x0000000087e00000, 0x0000000087f00000, 0x0000000087f00000|100%|HC|  |TAMS 0x0000000087e00000, 0x0000000087e00000| Complete 
|  71|0x0000000087f00000, 0x0000000088000000, 0x0000000088000000|100%|HS|  |TAMS 0x0000000087f00000, 0x0000000087f00000| Complete 
|  72|0x0000000088000000, 0x0000000088100000, 0x0000000088100000|100%|HC|  |TAMS 0x0000000088000000, 0x0000000088000000| Complete 
|  73|0x0000000088100000, 0x0000000088200000, 0x0000000088200000|100%|HC|  |TAMS 0x0000000088100000, 0x0000000088100000| Complete 
|  74|0x0000000088200000, 0x0000000088300000, 0x0000000088300000|100%|HS|  |TAMS 0x0000000088200000, 0x0000000088200000| Complete 
|  75|0x0000000088300000, 0x0000000088400000, 0x0000000088400000|100%|HC|  |TAMS 0x0000000088300000, 0x0000000088300000| Complete 
|  76|0x0000000088400000, 0x0000000088500000, 0x0000000088500000|100%|HC|  |TAMS 0x0000000088400000, 0x0000000088400000| Complete 
|  77|0x0000000088500000, 0x0000000088600000, 0x0000000088600000|100%|HS|  |TAMS 0x0000000088500000, 0x0000000088500000| Complete 
|  78|0x0000000088600000, 0x0000000088700000, 0x0000000088700000|100%|HC|  |TAMS 0x0000000088600000, 0x0000000088600000| Complete 
|  79|0x0000000088700000, 0x0000000088800000, 0x0000000088800000|100%|HC|  |TAMS 0x0000000088700000, 0x0000000088700000| Complete 
|  80|0x0000000088800000, 0x0000000088900000, 0x0000000088900000|100%|HS|  |TAMS 0x0000000088800000, 0x0000000088800000| Complete 
|  81|0x0000000088900000, 0x0000000088a00000, 0x0000000088a00000|100%|HC|  |TAMS 0x0000000088900000, 0x0000000088900000| Complete 
|  82|0x0000000088a00000, 0x0000000088b00000, 0x0000000088b00000|100%|HC|  |TAMS 0x0000000088a00000, 0x0000000088a00000| Complete 
|  83|0x0000000088b00000, 0x0000000088b00000, 0x0000000088c00000|  0%| F|  |TAMS 0x0000000088b00000, 0x0000000088b00000| Untracked 
|  84|0x0000000088c00000, 0x0000000088c00000, 0x0000000088d00000|  0%| F|  |TAMS 0x0000000088c00000, 0x0000000088c00000| Untracked 
|  85|0x0000000088d00000, 0x0000000088d00000, 0x0000000088e00000|  0%| F|  |TAMS 0x0000000088d00000, 0x0000000088d00000| Untracked 
|  86|0x0000000088e00000, 0x0000000088e00000, 0x0000000088f00000|  0%| F|  |TAMS 0x0000000088e00000, 0x0000000088e00000| Untracked 
|  87|0x0000000088f00000, 0x0000000088f00000, 0x0000000089000000|  0%| F|  |TAMS 0x0000000088f00000, 0x0000000088f00000| Untracked 
|  88|0x0000000089000000, 0x0000000089000000, 0x0000000089100000|  0%| F|  |TAMS 0x0000000089000000, 0x0000000089000000| Untracked 
|  89|0x0000000089100000, 0x0000000089100000, 0x0000000089200000|  0%| F|  |TAMS 0x0000000089100000, 0x0000000089100000| Untracked 
|  90|0x0000000089200000, 0x0000000089200000, 0x0000000089300000|  0%| F|  |TAMS 0x0000000089200000, 0x0000000089200000| Untracked 
|  91|0x0000000089300000, 0x0000000089300000, 0x0000000089400000|  0%| F|  |TAMS 0x0000000089300000, 0x0000000089300000| Untracked 
|  92|0x0000000089400000, 0x0000000089400000, 0x0000000089500000|  0%| F|  |TAMS 0x0000000089400000, 0x0000000089400000| Untracked 
|  93|0x0000000089500000, 0x0000000089500000, 0x0000000089600000|  0%| F|  |TAMS 0x0000000089500000, 0x0000000089500000| Untracked 
|  94|0x0000000089600000, 0x0000000089600000, 0x0000000089700000|  0%| F|  |TAMS 0x0000000089600000, 0x0000000089600000| Untracked 
|  95|0x0000000089700000, 0x0000000089700000, 0x0000000089800000|  0%| F|  |TAMS 0x0000000089700000, 0x0000000089700000| Untracked 
|  96|0x0000000089800000, 0x0000000089800000, 0x0000000089900000|  0%| F|  |TAMS 0x0000000089800000, 0x0000000089800000| Untracked 
|  97|0x0000000089900000, 0x0000000089900000, 0x0000000089a00000|  0%| F|  |TAMS 0x0000000089900000, 0x0000000089900000| Untracked 
|  98|0x0000000089a00000, 0x0000000089a00000, 0x0000000089b00000|  0%| F|  |TAMS 0x0000000089a00000, 0x0000000089a00000| Untracked 
|  99|0x0000000089b00000, 0x0000000089b00000, 0x0000000089c00000|  0%| F|  |TAMS 0x0000000089b00000, 0x0000000089b00000| Untracked 
| 100|0x0000000089c00000, 0x0000000089c00000, 0x0000000089d00000|  0%| F|  |TAMS 0x0000000089c00000, 0x0000000089c00000| Untracked 
| 101|0x0000000089d00000, 0x0000000089d00000, 0x0000000089e00000|  0%| F|  |TAMS 0x0000000089d00000, 0x0000000089d00000| Untracked 
| 102|0x0000000089e00000, 0x0000000089e00000, 0x0000000089f00000|  0%| F|  |TAMS 0x0000000089e00000, 0x0000000089e00000| Untracked 
| 103|0x0000000089f00000, 0x0000000089f00000, 0x000000008a000000|  0%| F|  |TAMS 0x0000000089f00000, 0x0000000089f00000| Untracked 
| 104|0x000000008a000000, 0x000000008a000000, 0x000000008a100000|  0%| F|  |TAMS 0x000000008a000000, 0x000000008a000000| Untracked 
| 105|0x000000008a100000, 0x000000008a100000, 0x000000008a200000|  0%| F|  |TAMS 0x000000008a100000, 0x000000008a100000| Untracked 
| 106|0x000000008a200000, 0x000000008a200000, 0x000000008a300000|  0%| F|  |TAMS 0x000000008a200000, 0x000000008a200000| Untracked 
| 107|0x000000008a300000, 0x000000008a300000, 0x000000008a400000|  0%| F|  |TAMS 0x000000008a300000, 0x000000008a300000| Untracked 
| 108|0x000000008a400000, 0x000000008a400000, 0x000000008a500000|  0%| F|  |TAMS 0x000000008a400000, 0x000000008a400000| Untracked 
| 109|0x000000008a500000, 0x000000008a500000, 0x000000008a600000|  0%| F|  |TAMS 0x000000008a500000, 0x000000008a500000| Untracked 
| 110|0x000000008a600000, 0x000000008a600000, 0x000000008a700000|  0%| F|  |TAMS 0x000000008a600000, 0x000000008a600000| Untracked 
| 111|0x000000008a700000, 0x000000008a700000, 0x000000008a800000|  0%| F|  |TAMS 0x000000008a700000, 0x000000008a700000| Untracked 
| 112|0x000000008a800000, 0x000000008a800000, 0x000000008a900000|  0%| F|  |TAMS 0x000000008a800000, 0x000000008a800000| Untracked 
| 113|0x000000008a900000, 0x000000008a900000, 0x000000008aa00000|  0%| F|  |TAMS 0x000000008a900000, 0x000000008a900000| Untracked 
| 114|0x000000008aa00000, 0x000000008aa00000, 0x000000008ab00000|  0%| F|  |TAMS 0x000000008aa00000, 0x000000008aa00000| Untracked 
| 115|0x000000008ab00000, 0x000000008ab00000, 0x000000008ac00000|  0%| F|  |TAMS 0x000000008ab00000, 0x000000008ab00000| Untracked 
| 116|0x000000008ac00000, 0x000000008ac00000, 0x000000008ad00000|  0%| F|  |TAMS 0x000000008ac00000, 0x000000008ac00000| Untracked 
| 117|0x000000008ad00000, 0x000000008ad00000, 0x000000008ae00000|  0%| F|  |TAMS 0x000000008ad00000, 0x000000008ad00000| Untracked 
| 118|0x000000008ae00000, 0x000000008aeb38c0, 0x000000008af00000| 70%| S|CS|TAMS 0x000000008ae00000, 0x000000008ae00000| Complete 
| 119|0x000000008af00000, 0x000000008b000000, 0x000000008b000000|100%| S|CS|TAMS 0x000000008af00000, 0x000000008af00000| Complete 
| 120|0x000000008b000000, 0x000000008b000000, 0x000000008b100000|  0%| F|  |TAMS 0x000000008b000000, 0x000000008b000000| Untracked 
| 121|0x000000008b100000, 0x000000008b100000, 0x000000008b200000|  0%| F|  |TAMS 0x000000008b100000, 0x000000008b100000| Untracked 
| 122|0x000000008b200000, 0x000000008b200000, 0x000000008b300000|  0%| F|  |TAMS 0x000000008b200000, 0x000000008b200000| Untracked 
| 123|0x000000008b300000, 0x000000008b300000, 0x000000008b400000|  0%| F|  |TAMS 0x000000008b300000, 0x000000008b300000| Untracked 
| 124|0x000000008b400000, 0x000000008b400000, 0x000000008b500000|  0%| F|  |TAMS 0x000000008b400000, 0x000000008b400000| Untracked 
| 125|0x000000008b500000, 0x000000008b500000, 0x000000008b600000|  0%| F|  |TAMS 0x000000008b500000, 0x000000008b500000| Untracked 
| 126|0x000000008b600000, 0x000000008b600000, 0x000000008b700000|  0%| F|  |TAMS 0x000000008b600000, 0x000000008b600000| Untracked 
| 127|0x000000008b700000, 0x000000008b700000, 0x000000008b800000|  0%| F|  |TAMS 0x000000008b700000, 0x000000008b700000| Untracked 
| 128|0x000000008b800000, 0x000000008b800000, 0x000000008b900000|  0%| F|  |TAMS 0x000000008b800000, 0x000000008b800000| Untracked 
| 129|0x000000008b900000, 0x000000008b900000, 0x000000008ba00000|  0%| F|  |TAMS 0x000000008b900000, 0x000000008b900000| Untracked 
| 130|0x000000008ba00000, 0x000000008ba00000, 0x000000008bb00000|  0%| F|  |TAMS 0x000000008ba00000, 0x000000008ba00000| Untracked 
| 131|0x000000008bb00000, 0x000000008bb00000, 0x000000008bc00000|  0%| F|  |TAMS 0x000000008bb00000, 0x000000008bb00000| Untracked 
| 132|0x000000008bc00000, 0x000000008bc00000, 0x000000008bd00000|  0%| F|  |TAMS 0x000000008bc00000, 0x000000008bc00000| Untracked 
| 133|0x000000008bd00000, 0x000000008bd00000, 0x000000008be00000|  0%| F|  |TAMS 0x000000008bd00000, 0x000000008bd00000| Untracked 
| 134|0x000000008be00000, 0x000000008be00000, 0x000000008bf00000|  0%| F|  |TAMS 0x000000008be00000, 0x000000008be00000| Untracked 
| 135|0x000000008bf00000, 0x000000008bf00000, 0x000000008c000000|  0%| F|  |TAMS 0x000000008bf00000, 0x000000008bf00000| Untracked 
| 136|0x000000008c000000, 0x000000008c000000, 0x000000008c100000|  0%| F|  |TAMS 0x000000008c000000, 0x000000008c000000| Untracked 
| 137|0x000000008c100000, 0x000000008c100000, 0x000000008c200000|  0%| F|  |TAMS 0x000000008c100000, 0x000000008c100000| Untracked 
| 138|0x000000008c200000, 0x000000008c200000, 0x000000008c300000|  0%| F|  |TAMS 0x000000008c200000, 0x000000008c200000| Untracked 
| 139|0x000000008c300000, 0x000000008c300000, 0x000000008c400000|  0%| F|  |TAMS 0x000000008c300000, 0x000000008c300000| Untracked 
| 140|0x000000008c400000, 0x000000008c400000, 0x000000008c500000|  0%| F|  |TAMS 0x000000008c400000, 0x000000008c400000| Untracked 
| 141|0x000000008c500000, 0x000000008c500000, 0x000000008c600000|  0%| F|  |TAMS 0x000000008c500000, 0x000000008c500000| Untracked 
| 142|0x000000008c600000, 0x000000008c600000, 0x000000008c700000|  0%| F|  |TAMS 0x000000008c600000, 0x000000008c600000| Untracked 
| 143|0x000000008c700000, 0x000000008c700000, 0x000000008c800000|  0%| F|  |TAMS 0x000000008c700000, 0x000000008c700000| Untracked 
| 144|0x000000008c800000, 0x000000008c800000, 0x000000008c900000|  0%| F|  |TAMS 0x000000008c800000, 0x000000008c800000| Untracked 
| 145|0x000000008c900000, 0x000000008c900000, 0x000000008ca00000|  0%| F|  |TAMS 0x000000008c900000, 0x000000008c900000| Untracked 
| 146|0x000000008ca00000, 0x000000008ca00000, 0x000000008cb00000|  0%| F|  |TAMS 0x000000008ca00000, 0x000000008ca00000| Untracked 
| 147|0x000000008cb00000, 0x000000008cb00000, 0x000000008cc00000|  0%| F|  |TAMS 0x000000008cb00000, 0x000000008cb00000| Untracked 
| 148|0x000000008cc00000, 0x000000008cc00000, 0x000000008cd00000|  0%| F|  |TAMS 0x000000008cc00000, 0x000000008cc00000| Untracked 
| 149|0x000000008cd00000, 0x000000008cd00000, 0x000000008ce00000|  0%| F|  |TAMS 0x000000008cd00000, 0x000000008cd00000| Untracked 
| 150|0x000000008ce00000, 0x000000008ce00000, 0x000000008cf00000|  0%| F|  |TAMS 0x000000008ce00000, 0x000000008ce00000| Untracked 
| 151|0x000000008cf00000, 0x000000008cf00000, 0x000000008d000000|  0%| F|  |TAMS 0x000000008cf00000, 0x000000008cf00000| Untracked 
| 152|0x000000008d000000, 0x000000008d000000, 0x000000008d100000|  0%| F|  |TAMS 0x000000008d000000, 0x000000008d000000| Untracked 
| 153|0x000000008d100000, 0x000000008d100000, 0x000000008d200000|  0%| F|  |TAMS 0x000000008d100000, 0x000000008d100000| Untracked 
| 154|0x000000008d200000, 0x000000008d200000, 0x000000008d300000|  0%| F|  |TAMS 0x000000008d200000, 0x000000008d200000| Untracked 
| 155|0x000000008d300000, 0x000000008d300000, 0x000000008d400000|  0%| F|  |TAMS 0x000000008d300000, 0x000000008d300000| Untracked 
| 156|0x000000008d400000, 0x000000008d400000, 0x000000008d500000|  0%| F|  |TAMS 0x000000008d400000, 0x000000008d400000| Untracked 
| 157|0x000000008d500000, 0x000000008d500000, 0x000000008d600000|  0%| F|  |TAMS 0x000000008d500000, 0x000000008d500000| Untracked 
| 158|0x000000008d600000, 0x000000008d600000, 0x000000008d700000|  0%| F|  |TAMS 0x000000008d600000, 0x000000008d600000| Untracked 
| 159|0x000000008d700000, 0x000000008d700000, 0x000000008d800000|  0%| F|  |TAMS 0x000000008d700000, 0x000000008d700000| Untracked 
| 160|0x000000008d800000, 0x000000008d800000, 0x000000008d900000|  0%| F|  |TAMS 0x000000008d800000, 0x000000008d800000| Untracked 
| 161|0x000000008d900000, 0x000000008d900000, 0x000000008da00000|  0%| F|  |TAMS 0x000000008d900000, 0x000000008d900000| Untracked 
| 162|0x000000008da00000, 0x000000008da00000, 0x000000008db00000|  0%| F|  |TAMS 0x000000008da00000, 0x000000008da00000| Untracked 
| 163|0x000000008db00000, 0x000000008db00000, 0x000000008dc00000|  0%| F|  |TAMS 0x000000008db00000, 0x000000008db00000| Untracked 
| 164|0x000000008dc00000, 0x000000008dc00000, 0x000000008dd00000|  0%| F|  |TAMS 0x000000008dc00000, 0x000000008dc00000| Untracked 
| 165|0x000000008dd00000, 0x000000008dd00000, 0x000000008de00000|  0%| F|  |TAMS 0x000000008dd00000, 0x000000008dd00000| Untracked 
| 166|0x000000008de00000, 0x000000008de00000, 0x000000008df00000|  0%| F|  |TAMS 0x000000008de00000, 0x000000008de00000| Untracked 
| 167|0x000000008df00000, 0x000000008df00000, 0x000000008e000000|  0%| F|  |TAMS 0x000000008df00000, 0x000000008df00000| Untracked 
| 168|0x000000008e000000, 0x000000008e000000, 0x000000008e100000|  0%| F|  |TAMS 0x000000008e000000, 0x000000008e000000| Untracked 
| 169|0x000000008e100000, 0x000000008e100000, 0x000000008e200000|  0%| F|  |TAMS 0x000000008e100000, 0x000000008e100000| Untracked 
| 170|0x000000008e200000, 0x000000008e200000, 0x000000008e300000|  0%| F|  |TAMS 0x000000008e200000, 0x000000008e200000| Untracked 
| 171|0x000000008e300000, 0x000000008e300000, 0x000000008e400000|  0%| F|  |TAMS 0x000000008e300000, 0x000000008e300000| Untracked 
| 172|0x000000008e400000, 0x000000008e400000, 0x000000008e500000|  0%| F|  |TAMS 0x000000008e400000, 0x000000008e400000| Untracked 
| 173|0x000000008e500000, 0x000000008e500000, 0x000000008e600000|  0%| F|  |TAMS 0x000000008e500000, 0x000000008e500000| Untracked 
| 174|0x000000008e600000, 0x000000008e600000, 0x000000008e700000|  0%| F|  |TAMS 0x000000008e600000, 0x000000008e600000| Untracked 
| 175|0x000000008e700000, 0x000000008e700000, 0x000000008e800000|  0%| F|  |TAMS 0x000000008e700000, 0x000000008e700000| Untracked 
| 176|0x000000008e800000, 0x000000008e800000, 0x000000008e900000|  0%| F|  |TAMS 0x000000008e800000, 0x000000008e800000| Untracked 
| 177|0x000000008e900000, 0x000000008e900000, 0x000000008ea00000|  0%| F|  |TAMS 0x000000008e900000, 0x000000008e900000| Untracked 
| 178|0x000000008ea00000, 0x000000008ea00000, 0x000000008eb00000|  0%| F|  |TAMS 0x000000008ea00000, 0x000000008ea00000| Untracked 
| 179|0x000000008eb00000, 0x000000008eb00000, 0x000000008ec00000|  0%| F|  |TAMS 0x000000008eb00000, 0x000000008eb00000| Untracked 
| 180|0x000000008ec00000, 0x000000008ec00000, 0x000000008ed00000|  0%| F|  |TAMS 0x000000008ec00000, 0x000000008ec00000| Untracked 
| 181|0x000000008ed00000, 0x000000008ed00000, 0x000000008ee00000|  0%| F|  |TAMS 0x000000008ed00000, 0x000000008ed00000| Untracked 
| 182|0x000000008ee00000, 0x000000008ee00000, 0x000000008ef00000|  0%| F|  |TAMS 0x000000008ee00000, 0x000000008ee00000| Untracked 
| 183|0x000000008ef00000, 0x000000008ef80800, 0x000000008f000000| 50%| E|  |TAMS 0x000000008ef00000, 0x000000008ef00000| Complete 
| 184|0x000000008f000000, 0x000000008f100000, 0x000000008f100000|100%| E|CS|TAMS 0x000000008f000000, 0x000000008f000000| Complete 
| 185|0x000000008f100000, 0x000000008f200000, 0x000000008f200000|100%| E|CS|TAMS 0x000000008f100000, 0x000000008f100000| Complete 
| 186|0x000000008f200000, 0x000000008f300000, 0x000000008f300000|100%| E|CS|TAMS 0x000000008f200000, 0x000000008f200000| Complete 
| 187|0x000000008f300000, 0x000000008f400000, 0x000000008f400000|100%| E|CS|TAMS 0x000000008f300000, 0x000000008f300000| Complete 
| 188|0x000000008f400000, 0x000000008f500000, 0x000000008f500000|100%| E|CS|TAMS 0x000000008f400000, 0x000000008f400000| Complete 
| 189|0x000000008f500000, 0x000000008f600000, 0x000000008f600000|100%| E|CS|TAMS 0x000000008f500000, 0x000000008f500000| Complete 
| 190|0x000000008f600000, 0x000000008f700000, 0x000000008f700000|100%| E|CS|TAMS 0x000000008f600000, 0x000000008f600000| Complete 
| 191|0x000000008f700000, 0x000000008f800000, 0x000000008f800000|100%| E|CS|TAMS 0x000000008f700000, 0x000000008f700000| Complete 
| 192|0x000000008f800000, 0x000000008f900000, 0x000000008f900000|100%| E|CS|TAMS 0x000000008f800000, 0x000000008f800000| Complete 
| 193|0x000000008f900000, 0x000000008fa00000, 0x000000008fa00000|100%| E|CS|TAMS 0x000000008f900000, 0x000000008f900000| Complete 
| 194|0x000000008fa00000, 0x000000008fb00000, 0x000000008fb00000|100%| E|CS|TAMS 0x000000008fa00000, 0x000000008fa00000| Complete 
| 195|0x000000008fb00000, 0x000000008fc00000, 0x000000008fc00000|100%| E|CS|TAMS 0x000000008fb00000, 0x000000008fb00000| Complete 
| 196|0x000000008fc00000, 0x000000008fd00000, 0x000000008fd00000|100%| E|CS|TAMS 0x000000008fc00000, 0x000000008fc00000| Complete 
| 197|0x000000008fd00000, 0x000000008fe00000, 0x000000008fe00000|100%| E|CS|TAMS 0x000000008fd00000, 0x000000008fd00000| Complete 
| 198|0x000000008fe00000, 0x000000008ff00000, 0x000000008ff00000|100%| E|CS|TAMS 0x000000008fe00000, 0x000000008fe00000| Complete 
| 199|0x000000008ff00000, 0x0000000090000000, 0x0000000090000000|100%| E|CS|TAMS 0x000000008ff00000, 0x000000008ff00000| Complete 
| 200|0x0000000090000000, 0x0000000090100000, 0x0000000090100000|100%| E|CS|TAMS 0x0000000090000000, 0x0000000090000000| Complete 
| 201|0x0000000090100000, 0x0000000090200000, 0x0000000090200000|100%| E|CS|TAMS 0x0000000090100000, 0x0000000090100000| Complete 
| 202|0x0000000090200000, 0x0000000090300000, 0x0000000090300000|100%| E|CS|TAMS 0x0000000090200000, 0x0000000090200000| Complete 
| 203|0x0000000090300000, 0x0000000090400000, 0x0000000090400000|100%| E|CS|TAMS 0x0000000090300000, 0x0000000090300000| Complete 
| 204|0x0000000090400000, 0x0000000090500000, 0x0000000090500000|100%| E|CS|TAMS 0x0000000090400000, 0x0000000090400000| Complete 
| 205|0x0000000090500000, 0x0000000090600000, 0x0000000090600000|100%| E|CS|TAMS 0x0000000090500000, 0x0000000090500000| Complete 
| 206|0x0000000090600000, 0x0000000090700000, 0x0000000090700000|100%| E|CS|TAMS 0x0000000090600000, 0x0000000090600000| Complete 
| 207|0x0000000090700000, 0x0000000090800000, 0x0000000090800000|100%| E|CS|TAMS 0x0000000090700000, 0x0000000090700000| Complete 
| 208|0x0000000090800000, 0x0000000090900000, 0x0000000090900000|100%| E|CS|TAMS 0x0000000090800000, 0x0000000090800000| Complete 
| 209|0x0000000090900000, 0x0000000090a00000, 0x0000000090a00000|100%| E|CS|TAMS 0x0000000090900000, 0x0000000090900000| Complete 
| 210|0x0000000090a00000, 0x0000000090b00000, 0x0000000090b00000|100%| E|CS|TAMS 0x0000000090a00000, 0x0000000090a00000| Complete 
| 211|0x0000000090b00000, 0x0000000090c00000, 0x0000000090c00000|100%| E|CS|TAMS 0x0000000090b00000, 0x0000000090b00000| Complete 
| 212|0x0000000090c00000, 0x0000000090d00000, 0x0000000090d00000|100%| E|CS|TAMS 0x0000000090c00000, 0x0000000090c00000| Complete 
| 213|0x0000000090d00000, 0x0000000090e00000, 0x0000000090e00000|100%| E|CS|TAMS 0x0000000090d00000, 0x0000000090d00000| Complete 
| 214|0x0000000090e00000, 0x0000000090f00000, 0x0000000090f00000|100%| E|CS|TAMS 0x0000000090e00000, 0x0000000090e00000| Complete 
| 215|0x0000000090f00000, 0x0000000091000000, 0x0000000091000000|100%| E|CS|TAMS 0x0000000090f00000, 0x0000000090f00000| Complete 
| 216|0x0000000091000000, 0x0000000091100000, 0x0000000091100000|100%| E|CS|TAMS 0x0000000091000000, 0x0000000091000000| Complete 
| 217|0x0000000091100000, 0x0000000091200000, 0x0000000091200000|100%| E|CS|TAMS 0x0000000091100000, 0x0000000091100000| Complete 
| 218|0x0000000091200000, 0x0000000091300000, 0x0000000091300000|100%| E|CS|TAMS 0x0000000091200000, 0x0000000091200000| Complete 
| 219|0x0000000091300000, 0x0000000091400000, 0x0000000091400000|100%| E|CS|TAMS 0x0000000091300000, 0x0000000091300000| Complete 

Card table byte_map: [0x0000020ce8ba0000,0x0000020ce8f90000] _byte_map_base: 0x0000020ce8784000

Marking Bits (Prev, Next): (CMBitMap*) 0x0000020cd399efc0, (CMBitMap*) 0x0000020cd399f000
 Prev Bits: [0x0000020ce9380000, 0x0000020ceb2a0000)
 Next Bits: [0x0000020ceb2a0000, 0x0000020ced1c0000)

Polling page: 0x0000020cd3a10000

Metaspace:

Usage:
  Non-class:     11.58 MB used.
      Class:      1.17 MB used.
       Both:     12.75 MB used.

Virtual space:
  Non-class space:       64.00 MB reserved,      11.69 MB ( 18%) committed,  1 nodes.
      Class space:        1.00 GB reserved,       1.25 MB ( <1%) committed,  1 nodes.
             Both:        1.06 GB reserved,      12.94 MB (  1%) committed. 

Chunk freelists:
   Non-Class:  231.00 KB
       Class:  2.74 MB
        Both:  2.96 MB

MaxMetaspaceSize: unlimited
CompressedClassSpaceSize: 1.00 GB
Initial GC threshold: 21.00 MB
Current GC threshold: 21.00 MB
CDS: off
MetaspaceReclaimPolicy: balanced
 - commit_granule_bytes: 65536.
 - commit_granule_words: 8192.
 - virtual_space_node_default_size: 8388608.
 - enlarge_chunks_in_place: 1.
 - new_chunks_are_fully_committed: 0.
 - uncommit_free_chunks: 1.
 - use_allocation_guard: 0.


Internal statistics:

num_allocs_failed_limit: 0.
num_arena_births: 114.
num_arena_deaths: 0.
num_vsnodes_births: 2.
num_vsnodes_deaths: 0.
num_space_committed: 207.
num_space_uncommitted: 0.
num_chunks_returned_to_freelist: 0.
num_chunks_taken_from_freelist: 161.
num_chunk_merges: 0.
num_chunk_splits: 93.
num_chunks_enlarged: 55.
num_inconsistent_stats: 0.

CodeHeap 'non-profiled nmethods': size=119168Kb used=437Kb max_used=437Kb free=118730Kb
 bounds [0x0000020ce0390000, 0x0000020ce0600000, 0x0000020ce77f0000]
CodeHeap 'profiled nmethods': size=119104Kb used=2231Kb max_used=2231Kb free=116872Kb
 bounds [0x0000020cd8f40000, 0x0000020cd91b0000, 0x0000020ce0390000]
CodeHeap 'non-nmethods': size=7488Kb used=1246Kb max_used=1829Kb free=6241Kb
 bounds [0x0000020cd87f0000, 0x0000020cd8a60000, 0x0000020cd8f40000]
 total_blobs=1906 nmethods=1354 adapters=465
 compilation: enabled
              stopped_count=0, restarted_count=0
 full_count=0

Compilation events (20 events):
Event: 17.554 Thread 0x0000020cf4408070 nmethod 1345 0x0000020ce03fb390 code [0x0000020ce03fb520, 0x0000020ce03fb6f8]
Event: 17.977 Thread 0x0000020cf4408070 1346       4       java.awt.Rectangle::getX (6 bytes)
Event: 17.978 Thread 0x0000020cf4408070 nmethod 1346 0x0000020ce03fb790 code [0x0000020ce03fb900, 0x0000020ce03fb978]
Event: 17.978 Thread 0x0000020cf4408070 1347       4       java.awt.Rectangle::getY (6 bytes)
Event: 17.978 Thread 0x0000020cf4408070 nmethod 1347 0x0000020ce03fba90 code [0x0000020ce03fbc00, 0x0000020ce03fbc78]
Event: 18.125 Thread 0x0000020cf4408070 1348       4       java.awt.geom.AffineTransform::concatenate (1082 bytes)
Event: 18.126 Thread 0x0000020cf4408070 nmethod 1348 0x0000020ce03fbd90 code [0x0000020ce03fbf00, 0x0000020ce03fc058]
Event: 1854.340 Thread 0x0000020cf4408070 1349       4       sun.awt.AppContext::getAppContext (51 bytes)
Event: 1854.342 Thread 0x0000020cf4408070 nmethod 1349 0x0000020ce03fc190 code [0x0000020ce03fc300, 0x0000020ce03fc3b8]
Event: 1854.693 Thread 0x0000020cf4408070 1350       4       sun.awt.SunToolkit::getAppContext (42 bytes)
Event: 1854.695 Thread 0x0000020cf4408070 nmethod 1350 0x0000020ce03fc490 code [0x0000020ce03fc620, 0x0000020ce03fc6f8]
Event: 1854.842 Thread 0x0000020cf4408070 1351       4       javax.swing.RepaintManager::currentManager (37 bytes)
Event: 1854.843 Thread 0x0000020cf4408070 nmethod 1351 0x0000020ce03fc810 code [0x0000020ce03fc9a0, 0x0000020ce03fca68]
Event: 1854.871 Thread 0x0000020cf4408070 1352       4       java.awt.Component::isShowing (38 bytes)
Event: 1854.873 Thread 0x0000020cf4408070 nmethod 1352 0x0000020ce03fcb90 code [0x0000020ce03fcd20, 0x0000020ce03fce18]
Event: 1854.873 Thread 0x0000020cf4408070 1353       4       java.awt.Rectangle::clip (39 bytes)
Event: 1854.874 Thread 0x0000020cf4408070 nmethod 1353 0x0000020ce03fcf10 code [0x0000020ce03fd0c0, 0x0000020ce03fd1d8]
Event: 1854.921 Thread 0x0000020cf4408070 1354       4       sun.awt.image.SunVolatileImage::getWidth (5 bytes)
Event: 1854.922 Thread 0x0000020cf4408070 nmethod 1354 0x0000020ce03fd290 code [0x0000020ce03fd400, 0x0000020ce03fd478]
Event: 1854.930 Thread 0x0000020cf4408070 1355       4       sun.java2d.SunGraphics2D::setTransform (53 bytes)

GC Heap History (12 events):
Event: 1.491 GC heap before
{Heap before GC invocations=0 (full 0):
 garbage-first heap   total 129024K, used 44032K [0x0000000083800000, 0x0000000100000000)
  region size 1024K, 23 young (23552K), 0 survivors (0K)
 Metaspace       used 12102K, committed 12288K, reserved 1114112K
  class space    used 1128K, committed 1216K, reserved 1048576K
}
Event: 1.498 GC heap after
{Heap after GC invocations=1 (full 0):
 garbage-first heap   total 129024K, used 22266K [0x0000000083800000, 0x0000000100000000)
  region size 1024K, 2 young (2048K), 2 survivors (2048K)
 Metaspace       used 12102K, committed 12288K, reserved 1114112K
  class space    used 1128K, committed 1216K, reserved 1048576K
}
Event: 1.817 GC heap before
{Heap before GC invocations=1 (full 0):
 garbage-first heap   total 129024K, used 91898K [0x0000000083800000, 0x0000000100000000)
  region size 1024K, 37 young (37888K), 2 survivors (2048K)
 Metaspace       used 12119K, committed 12288K, reserved 1114112K
  class space    used 1130K, committed 1216K, reserved 1048576K
}
Event: 1.821 GC heap after
{Heap after GC invocations=2 (full 0):
 garbage-first heap   total 129024K, used 49927K [0x0000000083800000, 0x0000000100000000)
  region size 1024K, 2 young (2048K), 2 survivors (2048K)
 Metaspace       used 12119K, committed 12288K, reserved 1114112K
  class space    used 1130K, committed 1216K, reserved 1048576K
}
Event: 1.902 GC heap before
{Heap before GC invocations=2 (full 0):
 garbage-first heap   total 129024K, used 68359K [0x0000000083800000, 0x0000000100000000)
  region size 1024K, 12 young (12288K), 2 survivors (2048K)
 Metaspace       used 12123K, committed 12288K, reserved 1114112K
  class space    used 1130K, committed 1216K, reserved 1048576K
}
Event: 1.907 GC heap after
{Heap after GC invocations=3 (full 0):
 garbage-first heap   total 129024K, used 52947K [0x0000000083800000, 0x0000000100000000)
  region size 1024K, 2 young (2048K), 2 survivors (2048K)
 Metaspace       used 12123K, committed 12288K, reserved 1114112K
  class space    used 1130K, committed 1216K, reserved 1048576K
}
Event: 1.956 GC heap before
{Heap before GC invocations=3 (full 0):
 garbage-first heap   total 129024K, used 65235K [0x0000000083800000, 0x0000000100000000)
  region size 1024K, 9 young (9216K), 2 survivors (2048K)
 Metaspace       used 12127K, committed 12352K, reserved 1114112K
  class space    used 1130K, committed 1216K, reserved 1048576K
}
Event: 1.960 GC heap after
{Heap after GC invocations=4 (full 0):
 garbage-first heap   total 129024K, used 56004K [0x0000000083800000, 0x0000000100000000)
  region size 1024K, 2 young (2048K), 2 survivors (2048K)
 Metaspace       used 12127K, committed 12352K, reserved 1114112K
  class space    used 1130K, committed 1216K, reserved 1048576K
}
Event: 1.986 GC heap before
{Heap before GC invocations=4 (full 0):
 garbage-first heap   total 129024K, used 62148K [0x0000000083800000, 0x0000000100000000)
  region size 1024K, 6 young (6144K), 2 survivors (2048K)
 Metaspace       used 12127K, committed 12352K, reserved 1114112K
  class space    used 1130K, committed 1216K, reserved 1048576K
}
Event: 1.990 GC heap after
{Heap after GC invocations=5 (full 0):
 garbage-first heap   total 129024K, used 59123K [0x0000000083800000, 0x0000000100000000)
  region size 1024K, 2 young (2048K), 2 survivors (2048K)
 Metaspace       used 12127K, committed 12352K, reserved 1114112K
  class space    used 1130K, committed 1216K, reserved 1048576K
}
Event: 2.017 GC heap before
{Heap before GC invocations=5 (full 0):
 garbage-first heap   total 129024K, used 65267K [0x0000000083800000, 0x0000000100000000)
  region size 1024K, 6 young (6144K), 2 survivors (2048K)
 Metaspace       used 12127K, committed 12352K, reserved 1114112K
  class space    used 1130K, committed 1216K, reserved 1048576K
}
Event: 2.023 GC heap after
{Heap after GC invocations=6 (full 0):
 garbage-first heap   total 225280K, used 59086K [0x0000000083800000, 0x0000000100000000)
  region size 1024K, 2 young (2048K), 2 survivors (2048K)
 Metaspace       used 12127K, committed 12352K, reserved 1114112K
  class space    used 1130K, committed 1216K, reserved 1048576K
}

Deoptimization events (20 events):
Event: 1.411 Thread 0x0000020cf498c440 DEOPT PACKING pc=0x0000020cd904a9a0 sp=0x000000105d8fe320
Event: 1.411 Thread 0x0000020cf498c440 DEOPT UNPACKING pc=0x0000020cd8842b43 sp=0x000000105d8fd7f8 mode 0
Event: 1.411 Thread 0x0000020cf498c440 DEOPT PACKING pc=0x0000020cd904a9a0 sp=0x000000105d8fe320
Event: 1.411 Thread 0x0000020cf498c440 DEOPT UNPACKING pc=0x0000020cd8842b43 sp=0x000000105d8fd7f8 mode 0
Event: 1.412 Thread 0x0000020cf498c440 DEOPT PACKING pc=0x0000020cd904a9a0 sp=0x000000105d8fe320
Event: 1.412 Thread 0x0000020cf498c440 DEOPT UNPACKING pc=0x0000020cd8842b43 sp=0x000000105d8fd7f8 mode 0
Event: 1.412 Thread 0x0000020cf498c440 DEOPT PACKING pc=0x0000020cd904a9a0 sp=0x000000105d8fe320
Event: 1.412 Thread 0x0000020cf498c440 DEOPT UNPACKING pc=0x0000020cd8842b43 sp=0x000000105d8fd7f8 mode 0
Event: 1.412 Thread 0x0000020cf498c440 DEOPT PACKING pc=0x0000020cd904a9a0 sp=0x000000105d8fe320
Event: 1.412 Thread 0x0000020cf498c440 DEOPT UNPACKING pc=0x0000020cd8842b43 sp=0x000000105d8fd7f8 mode 0
Event: 1.413 Thread 0x0000020cf498c440 DEOPT PACKING pc=0x0000020cd904a9a0 sp=0x000000105d8fe320
Event: 1.413 Thread 0x0000020cf498c440 DEOPT UNPACKING pc=0x0000020cd8842b43 sp=0x000000105d8fd7f8 mode 0
Event: 7.509 Thread 0x0000020cf498c440 DEOPT PACKING pc=0x0000020cd9089745 sp=0x000000105d8fdd60
Event: 7.509 Thread 0x0000020cf498c440 DEOPT UNPACKING pc=0x0000020cd8842b43 sp=0x000000105d8fd240 mode 0
Event: 7.931 Thread 0x0000020cf498c440 DEOPT PACKING pc=0x0000020cd909e382 sp=0x000000105d8feb50
Event: 7.932 Thread 0x0000020cf498c440 DEOPT UNPACKING pc=0x0000020cd8842b43 sp=0x000000105d8fdfe0 mode 0
Event: 15.193 Thread 0x0000020cf498c440 Uncommon trap: trap_request=0xffffff45 fr.pc=0x0000020ce03f1f7c relative=0x000000000000023c
Event: 15.193 Thread 0x0000020cf498c440 Uncommon trap: reason=unstable_if action=reinterpret pc=0x0000020ce03f1f7c method=java.security.AccessControlContext.optimize()Ljava/security/AccessControlContext; @ 207 c2
Event: 15.193 Thread 0x0000020cf498c440 DEOPT PACKING pc=0x0000020ce03f1f7c sp=0x000000105d8fecc0
Event: 15.193 Thread 0x0000020cf498c440 DEOPT UNPACKING pc=0x0000020cd88423a3 sp=0x000000105d8fec20 mode 2

Classes loaded (20 events):
Event: 2.457 Loading class sun/util/locale/InternalLocaleBuilder
Event: 2.458 Loading class sun/util/locale/InternalLocaleBuilder done
Event: 2.458 Loading class sun/util/locale/InternalLocaleBuilder$CaseInsensitiveChar
Event: 2.458 Loading class sun/util/locale/InternalLocaleBuilder$CaseInsensitiveChar done
Event: 2.482 Loading class sun/awt/im/CompositionAreaHandler
Event: 2.483 Loading class sun/awt/im/CompositionAreaHandler done
Event: 2.483 Loading class java/text/AttributedString
Event: 2.484 Loading class java/text/AttributedString done
Event: 2.484 Loading class java/text/AttributedString$AttributedStringIterator
Event: 2.485 Loading class java/text/AttributedCharacterIterator
Event: 2.485 Loading class java/text/CharacterIterator
Event: 2.485 Loading class java/text/CharacterIterator done
Event: 2.485 Loading class java/text/AttributedCharacterIterator done
Event: 2.485 Loading class java/text/AttributedString$AttributedStringIterator done
Event: 2.487 Loading class java/awt/TextComponent
Event: 2.488 Loading class java/awt/TextComponent done
Event: 2.488 Loading class javax/swing/text/JTextComponent
Event: 2.491 Loading class javax/swing/Scrollable
Event: 2.491 Loading class javax/swing/Scrollable done
Event: 2.492 Loading class javax/swing/text/JTextComponent done

Classes unloaded (0 events):
No events

Classes redefined (0 events):
No events

Internal exceptions (13 events):
Event: 0.381 Thread 0x0000020cd393ee60 Exception <a 'java/lang/ClassNotFoundException'{0x000000008b436ae8}: sun/awt/resources/spi/awtProvider> (0x000000008b436ae8) 
thrown [s\src\hotspot\share\classfile\systemDictionary.cpp, line 255]
Event: 0.459 Thread 0x0000020cd393ee60 Exception <a 'java/io/FileNotFoundException'{0x000000008b498530}> (0x000000008b498530) 
thrown [s\src\hotspot\share\prims\jni.cpp, line 516]
Event: 0.470 Thread 0x0000020cd393ee60 Exception <a 'java/io/FileNotFoundException'{0x000000008b4c5540}> (0x000000008b4c5540) 
thrown [s\src\hotspot\share\prims\jni.cpp, line 516]
Event: 0.551 Thread 0x0000020cd393ee60 Exception <a 'java/lang/NoSuchMethodError'{0x000000008b319ef0}: 'java.lang.Object java.lang.invoke.DirectMethodHandle$Holder.invokeStaticInit(java.lang.Object)'> (0x000000008b319ef0) 
thrown [s\src\hotspot\share\interpreter\linkResolver.cpp, line 766]
Event: 1.110 Thread 0x0000020cf498c440 Exception <a 'java/lang/NoSuchMethodError'{0x000000008aa2f348}: 'void java.lang.invoke.DirectMethodHandle$Holder.invokeSpecial(java.lang.Object, java.lang.Object, java.lang.Object)'> (0x000000008aa2f348) 
thrown [s\src\hotspot\share\interpreter\linkResolver.cpp, line 766]
Event: 1.126 Thread 0x0000020cf498c440 Exception <a 'java/lang/NoSuchMethodError'{0x000000008aa5a4b8}: 'java.lang.Object java.lang.invoke.DirectMethodHandle$Holder.newInvokeSpecial(java.lang.Object, java.lang.Object, java.lang.Object, java.lang.Object, java.lang.Object)'> (0x000000008aa5a4b8) 
thrown [s\src\hotspot\share\interpreter\linkResolver.cpp, line 766]
Event: 1.136 Thread 0x0000020cf498c440 Exception <a 'java/lang/NoSuchMethodError'{0x000000008aa8c290}: 'java.lang.Object java.lang.invoke.DirectMethodHandle$Holder.invokeStatic(java.lang.Object, int, java.lang.Object)'> (0x000000008aa8c290) 
thrown [s\src\hotspot\share\interpreter\linkResolver.cpp, line 766]
Event: 1.183 Thread 0x0000020cf498c440 Exception <a 'java/lang/ClassNotFoundException'{0x000000008a949358}: com/sun/swing/internal/plaf/metal/resources/spi/metalProvider> (0x000000008a949358) 
thrown [s\src\hotspot\share\classfile\systemDictionary.cpp, line 255]
Event: 1.184 Thread 0x0000020cf498c440 Exception <a 'java/lang/ClassNotFoundException'{0x000000008a94d410}: com/sun/swing/internal/plaf/basic/resources/spi/basicProvider> (0x000000008a94d410) 
thrown [s\src\hotspot\share\classfile\systemDictionary.cpp, line 255]
Event: 1.203 Thread 0x0000020cf498c440 Exception <a 'java/lang/NoSuchMethodError'{0x000000008a96e170}: 'int java.lang.invoke.Invokers$Holder.invokeExact_MT(java.lang.Object, java.lang.Object)'> (0x000000008a96e170) 
thrown [s\src\hotspot\share\interpreter\linkResolver.cpp, line 766]
Event: 1.241 Thread 0x0000020cf4958030 Exception <a 'java/lang/NoSuchMethodError'{0x000000008b385ae0}: 'void java.lang.invoke.DirectMethodHandle$Holder.invokeVirtual(java.lang.Object, java.lang.Object)'> (0x000000008b385ae0) 
thrown [s\src\hotspot\share\interpreter\linkResolver.cpp, line 766]
Event: 1.269 Thread 0x0000020cf498c440 Exception <a 'java/lang/NoSuchMethodError'{0x000000008a9aa6a0}: 'void java.lang.invoke.DirectMethodHandle$Holder.invokeStaticInit(java.lang.Object)'> (0x000000008a9aa6a0) 
thrown [s\src\hotspot\share\interpreter\linkResolver.cpp, line 766]
Event: 15.193 Thread 0x0000020cf498c440 Implicit null exception at 0x0000020ce03f1e06 to 0x0000020ce03f1f60

VM Operations (20 events):
Event: 6.453 Executing VM operation: Cleanup
Event: 6.454 Executing VM operation: Cleanup done
Event: 7.460 Executing VM operation: Cleanup
Event: 7.461 Executing VM operation: Cleanup done
Event: 8.468 Executing VM operation: Cleanup
Event: 8.468 Executing VM operation: Cleanup done
Event: 9.480 Executing VM operation: Cleanup
Event: 9.481 Executing VM operation: Cleanup done
Event: 10.485 Executing VM operation: Cleanup
Event: 10.485 Executing VM operation: Cleanup done
Event: 11.490 Executing VM operation: Cleanup
Event: 11.490 Executing VM operation: Cleanup done
Event: 12.499 Executing VM operation: Cleanup
Event: 12.499 Executing VM operation: Cleanup done
Event: 14.514 Executing VM operation: Cleanup
Event: 14.514 Executing VM operation: Cleanup done
Event: 15.516 Executing VM operation: Cleanup
Event: 15.517 Executing VM operation: Cleanup done
Event: 1854.458 Executing VM operation: Cleanup
Event: 1854.458 Executing VM operation: Cleanup done

Events (20 events):
Event: 0.308 Thread 0x0000020cf4588400 Thread added: 0x0000020cf4588400
Event: 0.321 Thread 0x0000020cf45a6af0 Thread added: 0x0000020cf45a6af0
Event: 0.411 Loaded shared library C:\Users\bowei\.p2\pool\plugins\org.eclipse.justj.openjdk.hotspot.jre.full.win32.x86_64_18.0.1.v20220515-1614\jre\bin\jimage.dll
Event: 0.425 Loaded shared library C:\Users\bowei\.p2\pool\plugins\org.eclipse.justj.openjdk.hotspot.jre.full.win32.x86_64_18.0.1.v20220515-1614\jre\bin\awt.dll
Event: 0.459 Thread 0x0000020cf468f9f0 Thread added: 0x0000020cf468f9f0
Event: 0.552 Thread 0x0000020cf465ed90 Thread added: 0x0000020cf465ed90
Event: 0.554 Thread 0x0000020cf465f250 Thread added: 0x0000020cf465f250
Event: 0.556 Thread 0x0000020cf4958030 Thread added: 0x0000020cf4958030
Event: 0.751 Thread 0x0000020cf498c440 Thread added: 0x0000020cf498c440
Event: 0.752 Thread 0x0000020cd393ee60 Thread exited: 0x0000020cd393ee60
Event: 0.752 Thread 0x0000020cd393ee60 Thread added: 0x0000020cd393ee60
Event: 0.785 Loaded shared library C:\Users\bowei\.p2\pool\plugins\org.eclipse.justj.openjdk.hotspot.jre.full.win32.x86_64_18.0.1.v20220515-1614\jre\bin\zip.dll
Event: 1.227 Thread 0x0000020cf4a28640 Thread added: 0x0000020cf4a28640
Event: 1.283 Loaded shared library C:\Users\bowei\.p2\pool\plugins\org.eclipse.justj.openjdk.hotspot.jre.full.win32.x86_64_18.0.1.v20220515-1614\jre\bin\freetype.dll
Event: 1.286 Loaded shared library C:\Users\bowei\.p2\pool\plugins\org.eclipse.justj.openjdk.hotspot.jre.full.win32.x86_64_18.0.1.v20220515-1614\jre\bin\fontmanager.dll
Event: 6.337 Thread 0x0000020cf468f9f0 Thread exited: 0x0000020cf468f9f0
Event: 7.206 Thread 0x0000020cf4d461f0 Thread added: 0x0000020cf4d461f0
Event: 8.215 Thread 0x0000020cf4d461f0 Thread exited: 0x0000020cf4d461f0
Event: 8.745 Thread 0x0000020cf4d47d50 Thread added: 0x0000020cf4d47d50
Event: 9.432 Thread 0x0000020cf4d47d50 Thread exited: 0x0000020cf4d47d50


Dynamic libraries:
0x00007ff6e00e0000 - 0x00007ff6e00ee000 	C:\Users\bowei\.p2\pool\plugins\org.eclipse.justj.openjdk.hotspot.jre.full.win32.x86_64_18.0.1.v20220515-1614\jre\bin\javaw.exe
0x00007fff13210000 - 0x00007fff13408000 	C:\WINDOWS\SYSTEM32\ntdll.dll
0x00007fff11270000 - 0x00007fff1132d000 	C:\WINDOWS\System32\KERNEL32.DLL
0x00007fff10a00000 - 0x00007fff10cce000 	C:\WINDOWS\System32\KERNELBASE.dll
0x00007fff10ef0000 - 0x00007fff10ff0000 	C:\WINDOWS\System32\ucrtbase.dll
0x00007ffef25c0000 - 0x00007ffef25d7000 	C:\Users\bowei\.p2\pool\plugins\org.eclipse.justj.openjdk.hotspot.jre.full.win32.x86_64_18.0.1.v20220515-1614\jre\bin\jli.dll
0x00007ffef25a0000 - 0x00007ffef25b9000 	C:\Users\bowei\.p2\pool\plugins\org.eclipse.justj.openjdk.hotspot.jre.full.win32.x86_64_18.0.1.v20220515-1614\jre\bin\VCRUNTIME140.dll
0x00007fff12c50000 - 0x00007fff12df0000 	C:\WINDOWS\System32\USER32.dll
0x00007fff10cd0000 - 0x00007fff10cf2000 	C:\WINDOWS\System32\win32u.dll
0x00007ffef0460000 - 0x00007ffef06fa000 	C:\WINDOWS\WinSxS\amd64_microsoft.windows.common-controls_6595b64144ccf1df_6.0.19041.1110_none_60b5254171f9507e\COMCTL32.dll
0x00007fff126f0000 - 0x00007fff1271a000 	C:\WINDOWS\System32\GDI32.dll
0x00007fff12650000 - 0x00007fff126ee000 	C:\WINDOWS\System32\msvcrt.dll
0x00007fff11160000 - 0x00007fff1126b000 	C:\WINDOWS\System32\gdi32full.dll
0x00007fff10960000 - 0x00007fff109fd000 	C:\WINDOWS\System32\msvcp_win.dll
0x00007fff11b90000 - 0x00007fff11bc0000 	C:\WINDOWS\System32\IMM32.DLL
0x00007ffef40c0000 - 0x00007ffef40cc000 	C:\Users\bowei\.p2\pool\plugins\org.eclipse.justj.openjdk.hotspot.jre.full.win32.x86_64_18.0.1.v20220515-1614\jre\bin\vcruntime140_1.dll
0x00007ffef2500000 - 0x00007ffef2591000 	C:\Users\bowei\.p2\pool\plugins\org.eclipse.justj.openjdk.hotspot.jre.full.win32.x86_64_18.0.1.v20220515-1614\jre\bin\msvcp140.dll
0x00007ffe69f00000 - 0x00007ffe6ab89000 	C:\Users\bowei\.p2\pool\plugins\org.eclipse.justj.openjdk.hotspot.jre.full.win32.x86_64_18.0.1.v20220515-1614\jre\bin\server\jvm.dll
0x00007fff125a0000 - 0x00007fff1264e000 	C:\WINDOWS\System32\ADVAPI32.dll
0x00007fff11cd0000 - 0x00007fff11d6c000 	C:\WINDOWS\System32\sechost.dll
0x00007fff12840000 - 0x00007fff12965000 	C:\WINDOWS\System32\RPCRT4.dll
0x00007fff12730000 - 0x00007fff12738000 	C:\WINDOWS\System32\PSAPI.DLL
0x00007ffef6210000 - 0x00007ffef6219000 	C:\WINDOWS\SYSTEM32\WSOCK32.dll
0x00007ffefb290000 - 0x00007ffefb2b7000 	C:\WINDOWS\SYSTEM32\WINMM.dll
0x00007fff09960000 - 0x00007fff0996a000 	C:\WINDOWS\SYSTEM32\VERSION.dll
0x00007fff12740000 - 0x00007fff127ab000 	C:\WINDOWS\System32\WS2_32.dll
0x00007fff0f1c0000 - 0x00007fff0f1d2000 	C:\WINDOWS\SYSTEM32\kernel.appcore.dll
0x00007fff0a240000 - 0x00007fff0a24a000 	C:\Users\bowei\.p2\pool\plugins\org.eclipse.justj.openjdk.hotspot.jre.full.win32.x86_64_18.0.1.v20220515-1614\jre\bin\jimage.dll
0x00007fff0e720000 - 0x00007fff0e904000 	C:\WINDOWS\SYSTEM32\DBGHELP.DLL
0x00007ffef65b0000 - 0x00007ffef65dc000 	C:\WINDOWS\SYSTEM32\dbgcore.DLL
0x00007fff10d00000 - 0x00007fff10d82000 	C:\WINDOWS\System32\bcryptPrimitives.dll
0x00007ffef9c50000 - 0x00007ffef9c75000 	C:\Users\bowei\.p2\pool\plugins\org.eclipse.justj.openjdk.hotspot.jre.full.win32.x86_64_18.0.1.v20220515-1614\jre\bin\java.dll
0x00007ffeec550000 - 0x00007ffeec568000 	C:\Users\bowei\.p2\pool\plugins\org.eclipse.justj.openjdk.hotspot.jre.full.win32.x86_64_18.0.1.v20220515-1614\jre\bin\zip.dll
0x00007fff11330000 - 0x00007fff11a74000 	C:\WINDOWS\System32\SHELL32.dll
0x00007fff0ea10000 - 0x00007fff0f1a4000 	C:\WINDOWS\SYSTEM32\windows.storage.dll
0x00007fff12e70000 - 0x00007fff131c4000 	C:\WINDOWS\System32\combase.dll
0x00007fff10390000 - 0x00007fff103c0000 	C:\WINDOWS\SYSTEM32\Wldp.dll
0x00007fff11c20000 - 0x00007fff11ccd000 	C:\WINDOWS\System32\SHCORE.dll
0x00007fff12bf0000 - 0x00007fff12c45000 	C:\WINDOWS\System32\shlwapi.dll
0x00007fff10870000 - 0x00007fff1088f000 	C:\WINDOWS\SYSTEM32\profapi.dll
0x00007ffe798e0000 - 0x00007ffe79a6e000 	C:\Users\bowei\.p2\pool\plugins\org.eclipse.justj.openjdk.hotspot.jre.full.win32.x86_64_18.0.1.v20220515-1614\jre\bin\awt.dll
0x00007fff12b20000 - 0x00007fff12bed000 	C:\WINDOWS\System32\OLEAUT32.dll
0x00007fff0dd40000 - 0x00007fff0ddd0000 	C:\WINDOWS\SYSTEM32\apphelp.dll
0x00007fff0de40000 - 0x00007fff0dede000 	C:\WINDOWS\system32\uxtheme.dll
0x00007ffe7c8f0000 - 0x00007ffe7ca21000 	C:\ProgramData\A-Volute\DellInc.AlienwareSoundCenter\Modules\ScheduledModules\x64\AudioDevProps2.dll
0x00007fff11e00000 - 0x00007fff11f2a000 	C:\WINDOWS\System32\ole32.dll
0x00007ffe9cb60000 - 0x00007ffe9cc0e000 	C:\ProgramData\A-Volute\DellInc.AlienwareSoundCenter\Modules\ScheduledModules\x64\NahimicOSD.dll
0x00007ffec7830000 - 0x00007ffec7851000 	C:\ProgramData\A-Volute\DellInc.AlienwareSoundCenter\Modules\ScheduledModules\x64\ProductInfo.dll
0x00007fff12480000 - 0x00007fff12595000 	C:\WINDOWS\System32\MSCTF.dll
0x00007fff0e090000 - 0x00007fff0e0bf000 	C:\WINDOWS\system32\DWMAPI.DLL
0x00007ffedad40000 - 0x00007ffedae67000 	C:\WINDOWS\system32\opengl32.dll
0x00007ffedad10000 - 0x00007ffedad3c000 	C:\WINDOWS\SYSTEM32\GLU32.dll
0x00007ffee52a0000 - 0x00007ffee5329000 	C:\Users\bowei\.p2\pool\plugins\org.eclipse.justj.openjdk.hotspot.jre.full.win32.x86_64_18.0.1.v20220515-1614\jre\bin\freetype.dll
0x00007ffee51a0000 - 0x00007ffee5248000 	C:\Users\bowei\.p2\pool\plugins\org.eclipse.justj.openjdk.hotspot.jre.full.win32.x86_64_18.0.1.v20220515-1614\jre\bin\fontmanager.dll
0x00007ffeed120000 - 0x00007ffeed219000 	C:\WINDOWS\SYSTEM32\textinputframework.dll
0x00007fff0db10000 - 0x00007fff0dc02000 	C:\WINDOWS\System32\CoreMessaging.dll
0x00007fff0d430000 - 0x00007fff0d78e000 	C:\WINDOWS\System32\CoreUIComponents.dll
0x00007fff0f630000 - 0x00007fff0f663000 	C:\WINDOWS\SYSTEM32\ntmarta.dll
0x00007fff0c200000 - 0x00007fff0c354000 	C:\WINDOWS\SYSTEM32\wintypes.dll
0x00007ffefbf70000 - 0x00007ffefbfd6000 	C:\WINDOWS\system32\Oleacc.dll

dbghelp: loaded successfully - version: 4.0.5 - missing functions: none
symbol engine: initialized successfully - sym options: 0x614 - pdb path: .;C:\Users\bowei\.p2\pool\plugins\org.eclipse.justj.openjdk.hotspot.jre.full.win32.x86_64_18.0.1.v20220515-1614\jre\bin;C:\WINDOWS\SYSTEM32;C:\WINDOWS\WinSxS\amd64_microsoft.windows.common-controls_6595b64144ccf1df_6.0.19041.1110_none_60b5254171f9507e;C:\Users\bowei\.p2\pool\plugins\org.eclipse.justj.openjdk.hotspot.jre.full.win32.x86_64_18.0.1.v20220515-1614\jre\bin\server;C:\ProgramData\A-Volute\DellInc.AlienwareSoundCenter\Modules\ScheduledModules\x64

VM Arguments:
jvm_args: -Dfile.encoding=UTF-8 -XX:+ShowCodeDetailsInExceptionMessages 
java_command: Project_2DShooting.Main_Control
java_class_path (initial): C:\Users\bowei\git\Space_Proj_Repo\Space_Project\bin
Launcher Type: SUN_STANDARD

[Global flags]
     intx CICompilerCount                          = 12                                        {product} {ergonomic}
     uint ConcGCThreads                            = 3                                         {product} {ergonomic}
     uint G1ConcRefinementThreads                  = 13                                        {product} {ergonomic}
   size_t G1HeapRegionSize                         = 1048576                                   {product} {ergonomic}
    uintx GCDrainStackTargetSize                   = 64                                        {product} {ergonomic}
   size_t InitialHeapSize                          = 132120576                                 {product} {ergonomic}
   size_t MarkStackSize                            = 4194304                                   {product} {ergonomic}
   size_t MaxHeapSize                              = 2088763392                                {product} {ergonomic}
   size_t MaxNewSize                               = 1253048320                                {product} {ergonomic}
   size_t MinHeapDeltaBytes                        = 1048576                                   {product} {ergonomic}
   size_t MinHeapSize                              = 8388608                                   {product} {ergonomic}
    uintx NonNMethodCodeHeapSize                   = 7602480                                {pd product} {ergonomic}
    uintx NonProfiledCodeHeapSize                  = 122027880                              {pd product} {ergonomic}
    uintx ProfiledCodeHeapSize                     = 122027880                              {pd product} {ergonomic}
    uintx ReservedCodeCacheSize                    = 251658240                              {pd product} {ergonomic}
     bool SegmentedCodeCache                       = true                                      {product} {ergonomic}
     bool ShowCodeDetailsInExceptionMessages       = true                                   {manageable} {command line}
   size_t SoftMaxHeapSize                          = 2088763392                             {manageable} {ergonomic}
     bool UseCompressedClassPointers               = true                           {product lp64_product} {ergonomic}
     bool UseCompressedOops                        = true                           {product lp64_product} {ergonomic}
     bool UseG1GC                                  = true                                      {product} {ergonomic}
     bool UseLargePagesIndividualAllocation        = false                                  {pd product} {ergonomic}

Logging:
Log output configuration:
 #0: stdout all=warning uptime,level,tags foldmultilines=false
 #1: stderr all=off uptime,level,tags foldmultilines=false

Environment Variables:
JAVA_HOME=C:\Users\bowei\AppData\Local\Programs\Eclipse Adoptium\jdk-17.0.4.101-hotspot\
PATH=C:/Users/bowei/.p2/pool/plugins/org.eclipse.justj.openjdk.hotspot.jre.full.win32.x86_64_18.0.1.v20220515-1614/jre/bin/server;C:/Users/bowei/.p2/pool/plugins/org.eclipse.justj.openjdk.hotspot.jre.full.win32.x86_64_18.0.1.v20220515-1614/jre/bin;C:\Windows\system32;C:\Windows;C:\Windows\System32\Wbem;C:\Windows\System32\WindowsPowerShell\v1.0\;C:\Windows\System32\OpenSSH\;C:\Program Files (x86)\NVIDIA Corporation\PhysX\Common;C:\Program Files\NVIDIA Corporation\NVIDIA NvDLISR;C:\Program Files\dotnet\;C:\Program Files\Microsoft SQL Server\150\Tools\Binn\;C:\Program Files\Microsoft SQL Server\Client SDK\ODBC\170\Tools\Binn\;C:\WINDOWS\system32;C:\WINDOWS;C:\WINDOWS\System32\Wbem;C:\WINDOWS\System32\WindowsPowerShell\v1.0\;C:\WINDOWS\System32\OpenSSH\;C:\Users\bowei\AppData\Local\Programs\Eclipse Adoptium\jdk-17.0.4.101-hotspot\bin;C:\Users\bowei\AppData\Local\Microsoft\WindowsApps;C:\Users\bowei\.dotnet\tools;\mingw64\binC:\msys64\mingw64\bin;C:\Users\bowei\AppData\Local\Programs\Microsoft VS Code\bin;C:\Users\bowei\AppData\Local\GitHubDesktop\bin;C:\WINDOWS\system32;
USERNAME=bowei
OS=Windows_NT
PROCESSOR_IDENTIFIER=Intel64 Family 6 Model 165 Stepping 2, GenuineIntel



---------------  S Y S T E M  ---------------

OS:
 Windows 10 , 64 bit Build 19041 (10.0.19041.1806)
OS uptime: 0 days 5:15 hours

CPU: total 16 (initial active 16) (8 cores per cpu, 2 threads per core) family 6 model 165 stepping 2 microcode 0xf0, cx8, cmov, fxsr, ht, mmx, 3dnowpref, sse, sse2, sse3, ssse3, sse4.1, sse4.2, popcnt, lzcnt, tsc, tscinvbit, avx, avx2, aes, erms, clmul, bmi1, bmi2, adx, fma, vzeroupper, clflush, clflushopt

Memory: 4k page, system-wide physical 7966M (684M free)
TotalPageFile size 32542M (AvailPageFile size 0M)
current process WorkingSet (physical memory assigned to process): 212M, peak: 212M
current process commit charge ("private bytes"): 327M, peak: 330M

vm_info: OpenJDK 64-Bit Server VM (18.0.1+10) for windows-amd64 JRE (18.0.1+10), built on Apr 20 2022 05:04:48 by "" with MS VC++ 16.7 (VS2019)

END.
